2016-07-23 15:04:10 - PHP Notice:  Undefined index: o_copa in D:\OpenServer\domains\opencart.plus\www\system\storage\modification\catalog\model\catalog\product.php on line 349
2016-07-23 15:04:10 - PHP Notice:  Undefined index: o_copb in D:\OpenServer\domains\opencart.plus\www\system\storage\modification\catalog\model\catalog\product.php on line 350
2016-07-23 15:04:10 - PHP Notice:  Undefined index: o_copa in D:\OpenServer\domains\opencart.plus\www\system\storage\modification\catalog\model\catalog\product.php on line 349
2016-07-23 15:04:10 - PHP Notice:  Undefined index: o_copb in D:\OpenServer\domains\opencart.plus\www\system\storage\modification\catalog\model\catalog\product.php on line 350
2016-07-23 15:04:10 - PHP Notice:  Undefined index: o_cata in D:\OpenServer\domains\opencart.plus\www\system\storage\modification\catalog\model\catalog\product.php on line 361
2016-07-23 15:04:10 - PHP Notice:  Undefined index: o_catb in D:\OpenServer\domains\opencart.plus\www\system\storage\modification\catalog\model\catalog\product.php on line 362
2016-07-23 15:04:10 - PHP Notice:  Undefined index: o_copa in D:\OpenServer\domains\opencart.plus\www\system\storage\modification\catalog\model\catalog\product.php on line 349
2016-07-23 15:04:10 - PHP Notice:  Undefined index: o_copb in D:\OpenServer\domains\opencart.plus\www\system\storage\modification\catalog\model\catalog\product.php on line 350
2016-07-23 15:04:10 - PHP Notice:  Undefined index: o_copa in D:\OpenServer\domains\opencart.plus\www\system\storage\modification\catalog\model\catalog\product.php on line 349
2016-07-23 15:04:10 - PHP Notice:  Undefined index: o_copb in D:\OpenServer\domains\opencart.plus\www\system\storage\modification\catalog\model\catalog\product.php on line 350
2016-07-23 15:04:10 - PHP Notice:  Undefined index: o_cata in D:\OpenServer\domains\opencart.plus\www\system\storage\modification\catalog\model\catalog\product.php on line 361
2016-07-23 15:04:10 - PHP Notice:  Undefined index: o_catb in D:\OpenServer\domains\opencart.plus\www\system\storage\modification\catalog\model\catalog\product.php on line 362
2016-07-23 15:04:10 - PHP Notice:  Undefined variable: qq in D:\OpenServer\domains\opencart.plus\www\system\storage\modification\catalog\view\theme\default\template\product\product.tpl on line 188
2016-07-23 15:04:10 - PHP Notice:  Undefined variable: qq in D:\OpenServer\domains\opencart.plus\www\system\storage\modification\catalog\view\theme\default\template\product\product.tpl on line 190
2016-07-23 15:05:54 - PHP Notice:  Undefined variable: qq in D:\OpenServer\domains\opencart.plus\www\system\storage\modification\catalog\view\theme\default\template\product\product.tpl on line 188
2016-07-23 15:05:54 - PHP Notice:  Undefined variable: qq in D:\OpenServer\domains\opencart.plus\www\system\storage\modification\catalog\view\theme\default\template\product\product.tpl on line 190
2016-07-23 15:07:03 - PHP Notice:  Undefined variable: qq in D:\OpenServer\domains\opencart.plus\www\system\storage\modification\catalog\view\theme\default\template\product\product.tpl on line 188
2016-07-23 15:07:03 - PHP Notice:  Undefined variable: qq in D:\OpenServer\domains\opencart.plus\www\system\storage\modification\catalog\view\theme\default\template\product\product.tpl on line 190
2016-07-23 15:07:54 - PHP Notice:  Undefined variable: qq in D:\OpenServer\domains\opencart.plus\www\system\storage\modification\catalog\view\theme\default\template\product\product.tpl on line 188
2016-07-23 15:07:54 - PHP Notice:  Undefined variable: qq in D:\OpenServer\domains\opencart.plus\www\system\storage\modification\catalog\view\theme\default\template\product\product.tpl on line 190
2016-07-23 15:08:32 - PHP Notice:  Undefined index: o_copa in D:\OpenServer\domains\opencart.plus\www\system\storage\modification\admin\model\catalog\product.php on line 226
2016-07-23 15:08:32 - PHP Notice:  Undefined index: o_copa in D:\OpenServer\domains\opencart.plus\www\system\storage\modification\admin\model\catalog\product.php on line 226
2016-07-23 15:08:32 - PHP Warning:  Cannot modify header information - headers already sent by (output started at D:\OpenServer\domains\opencart.plus\www\admin\controller\startup\error.php:34) in D:\OpenServer\domains\opencart.plus\www\system\library\response.php on line 12
2016-07-23 15:08:40 - PHP Notice:  Undefined index: o_copa in D:\OpenServer\domains\opencart.plus\www\system\storage\modification\admin\model\catalog\product.php on line 226
2016-07-23 15:08:40 - PHP Notice:  Undefined index: o_copa in D:\OpenServer\domains\opencart.plus\www\system\storage\modification\admin\model\catalog\product.php on line 226
2016-07-23 15:08:40 - PHP Warning:  Cannot modify header information - headers already sent by (output started at D:\OpenServer\domains\opencart.plus\www\admin\controller\startup\error.php:34) in D:\OpenServer\domains\opencart.plus\www\system\library\response.php on line 12
2016-07-23 15:08:52 - PHP Notice:  Undefined index: o_copa in D:\OpenServer\domains\opencart.plus\www\system\storage\modification\admin\model\catalog\product.php on line 226
2016-07-23 15:08:52 - PHP Notice:  Undefined index: o_copa in D:\OpenServer\domains\opencart.plus\www\system\storage\modification\admin\model\catalog\product.php on line 226
2016-07-23 15:08:52 - PHP Warning:  Cannot modify header information - headers already sent by (output started at D:\OpenServer\domains\opencart.plus\www\admin\controller\startup\error.php:34) in D:\OpenServer\domains\opencart.plus\www\system\library\response.php on line 12
2016-07-23 15:08:57 - PHP Notice:  Undefined variable: qq in D:\OpenServer\domains\opencart.plus\www\system\storage\modification\catalog\view\theme\default\template\product\product.tpl on line 188
2016-07-23 15:08:57 - PHP Notice:  Undefined variable: qq in D:\OpenServer\domains\opencart.plus\www\system\storage\modification\catalog\view\theme\default\template\product\product.tpl on line 190
2016-07-23 15:09:42 - PHP Notice:  Undefined index: o_copa in D:\OpenServer\domains\opencart.plus\www\system\storage\modification\admin\model\catalog\product.php on line 226
2016-07-23 15:09:42 - PHP Notice:  Undefined index: o_copa in D:\OpenServer\domains\opencart.plus\www\system\storage\modification\admin\model\catalog\product.php on line 226
2016-07-23 15:09:42 - PHP Warning:  Cannot modify header information - headers already sent by (output started at D:\OpenServer\domains\opencart.plus\www\admin\controller\startup\error.php:34) in D:\OpenServer\domains\opencart.plus\www\system\library\response.php on line 12
2016-07-23 15:10:17 - PHP Notice:  Undefined index: o_copa in D:\OpenServer\domains\opencart.plus\www\system\storage\modification\admin\model\catalog\product.php on line 226
2016-07-23 15:10:17 - PHP Notice:  Undefined index: o_copa in D:\OpenServer\domains\opencart.plus\www\system\storage\modification\admin\model\catalog\product.php on line 226
2016-07-23 15:10:17 - PHP Warning:  Cannot modify header information - headers already sent by (output started at D:\OpenServer\domains\opencart.plus\www\admin\controller\startup\error.php:34) in D:\OpenServer\domains\opencart.plus\www\system\library\response.php on line 12
2016-07-23 15:10:51 - PHP Notice:  Undefined variable: qq in D:\OpenServer\domains\opencart.plus\www\system\storage\modification\catalog\view\theme\default\template\product\product.tpl on line 188
2016-07-23 15:10:51 - PHP Notice:  Undefined variable: qq in D:\OpenServer\domains\opencart.plus\www\system\storage\modification\catalog\view\theme\default\template\product\product.tpl on line 190
2016-07-23 15:10:56 - PHP Warning:  Missing argument 2 for Cart\Currency::format(), called in D:\OpenServer\domains\opencart.plus\www\system\storage\modification\catalog\controller\product\product.php on line 630 and defined in D:\OpenServer\domains\opencart.plus\www\system\library\cart\currency.php on line 24
2016-07-23 15:10:56 - PHP Notice:  Undefined variable: currency in D:\OpenServer\domains\opencart.plus\www\system\library\cart\currency.php on line 25
2016-07-23 15:10:56 - PHP Notice:  Undefined index:  in D:\OpenServer\domains\opencart.plus\www\system\library\cart\currency.php on line 25
2016-07-23 15:10:56 - PHP Notice:  Undefined variable: currency in D:\OpenServer\domains\opencart.plus\www\system\library\cart\currency.php on line 26
2016-07-23 15:10:56 - PHP Notice:  Undefined index:  in D:\OpenServer\domains\opencart.plus\www\system\library\cart\currency.php on line 26
2016-07-23 15:10:56 - PHP Notice:  Undefined variable: currency in D:\OpenServer\domains\opencart.plus\www\system\library\cart\currency.php on line 27
2016-07-23 15:10:56 - PHP Notice:  Undefined index:  in D:\OpenServer\domains\opencart.plus\www\system\library\cart\currency.php on line 27
2016-07-23 15:10:56 - PHP Notice:  Undefined variable: currency in D:\OpenServer\domains\opencart.plus\www\system\library\cart\currency.php on line 30
2016-07-23 15:10:56 - PHP Notice:  Undefined index:  in D:\OpenServer\domains\opencart.plus\www\system\library\cart\currency.php on line 30
2016-07-23 15:10:59 - PHP Warning:  Missing argument 2 for Cart\Currency::format(), called in D:\OpenServer\domains\opencart.plus\www\system\storage\modification\catalog\controller\product\product.php on line 630 and defined in D:\OpenServer\domains\opencart.plus\www\system\library\cart\currency.php on line 24
2016-07-23 15:10:59 - PHP Notice:  Undefined variable: currency in D:\OpenServer\domains\opencart.plus\www\system\library\cart\currency.php on line 25
2016-07-23 15:10:59 - PHP Notice:  Undefined index:  in D:\OpenServer\domains\opencart.plus\www\system\library\cart\currency.php on line 25
2016-07-23 15:10:59 - PHP Notice:  Undefined variable: currency in D:\OpenServer\domains\opencart.plus\www\system\library\cart\currency.php on line 26
2016-07-23 15:10:59 - PHP Notice:  Undefined index:  in D:\OpenServer\domains\opencart.plus\www\system\library\cart\currency.php on line 26
2016-07-23 15:10:59 - PHP Notice:  Undefined variable: currency in D:\OpenServer\domains\opencart.plus\www\system\library\cart\currency.php on line 27
2016-07-23 15:10:59 - PHP Notice:  Undefined index:  in D:\OpenServer\domains\opencart.plus\www\system\library\cart\currency.php on line 27
2016-07-23 15:10:59 - PHP Notice:  Undefined variable: currency in D:\OpenServer\domains\opencart.plus\www\system\library\cart\currency.php on line 30
2016-07-23 15:10:59 - PHP Notice:  Undefined index:  in D:\OpenServer\domains\opencart.plus\www\system\library\cart\currency.php on line 30
2016-07-23 15:11:11 - PHP Warning:  Missing argument 2 for Cart\Currency::format(), called in D:\OpenServer\domains\opencart.plus\www\system\storage\modification\catalog\controller\product\product.php on line 630 and defined in D:\OpenServer\domains\opencart.plus\www\system\library\cart\currency.php on line 24
2016-07-23 15:11:11 - PHP Notice:  Undefined variable: currency in D:\OpenServer\domains\opencart.plus\www\system\library\cart\currency.php on line 25
2016-07-23 15:11:11 - PHP Notice:  Undefined index:  in D:\OpenServer\domains\opencart.plus\www\system\library\cart\currency.php on line 25
2016-07-23 15:11:11 - PHP Notice:  Undefined variable: currency in D:\OpenServer\domains\opencart.plus\www\system\library\cart\currency.php on line 26
2016-07-23 15:11:11 - PHP Notice:  Undefined index:  in D:\OpenServer\domains\opencart.plus\www\system\library\cart\currency.php on line 26
2016-07-23 15:11:11 - PHP Notice:  Undefined variable: currency in D:\OpenServer\domains\opencart.plus\www\system\library\cart\currency.php on line 27
2016-07-23 15:11:11 - PHP Notice:  Undefined index:  in D:\OpenServer\domains\opencart.plus\www\system\library\cart\currency.php on line 27
2016-07-23 15:11:11 - PHP Notice:  Undefined variable: currency in D:\OpenServer\domains\opencart.plus\www\system\library\cart\currency.php on line 30
2016-07-23 15:11:11 - PHP Notice:  Undefined index:  in D:\OpenServer\domains\opencart.plus\www\system\library\cart\currency.php on line 30
2016-07-23 15:11:13 - PHP Warning:  Missing argument 2 for Cart\Currency::format(), called in D:\OpenServer\domains\opencart.plus\www\system\storage\modification\catalog\controller\product\product.php on line 630 and defined in D:\OpenServer\domains\opencart.plus\www\system\library\cart\currency.php on line 24
2016-07-23 15:11:13 - PHP Notice:  Undefined variable: currency in D:\OpenServer\domains\opencart.plus\www\system\library\cart\currency.php on line 25
2016-07-23 15:11:13 - PHP Notice:  Undefined index:  in D:\OpenServer\domains\opencart.plus\www\system\library\cart\currency.php on line 25
2016-07-23 15:11:13 - PHP Notice:  Undefined variable: currency in D:\OpenServer\domains\opencart.plus\www\system\library\cart\currency.php on line 26
2016-07-23 15:11:13 - PHP Notice:  Undefined index:  in D:\OpenServer\domains\opencart.plus\www\system\library\cart\currency.php on line 26
2016-07-23 15:11:13 - PHP Notice:  Undefined variable: currency in D:\OpenServer\domains\opencart.plus\www\system\library\cart\currency.php on line 27
2016-07-23 15:11:13 - PHP Notice:  Undefined index:  in D:\OpenServer\domains\opencart.plus\www\system\library\cart\currency.php on line 27
2016-07-23 15:11:13 - PHP Notice:  Undefined variable: currency in D:\OpenServer\domains\opencart.plus\www\system\library\cart\currency.php on line 30
2016-07-23 15:11:13 - PHP Notice:  Undefined index:  in D:\OpenServer\domains\opencart.plus\www\system\library\cart\currency.php on line 30
2016-07-23 15:11:22 - PHP Warning:  Missing argument 2 for Cart\Currency::format(), called in D:\OpenServer\domains\opencart.plus\www\system\storage\modification\catalog\controller\product\product.php on line 630 and defined in D:\OpenServer\domains\opencart.plus\www\system\library\cart\currency.php on line 24
2016-07-23 15:11:22 - PHP Notice:  Undefined variable: currency in D:\OpenServer\domains\opencart.plus\www\system\library\cart\currency.php on line 25
2016-07-23 15:11:22 - PHP Notice:  Undefined index:  in D:\OpenServer\domains\opencart.plus\www\system\library\cart\currency.php on line 25
2016-07-23 15:11:22 - PHP Notice:  Undefined variable: currency in D:\OpenServer\domains\opencart.plus\www\system\library\cart\currency.php on line 26
2016-07-23 15:11:22 - PHP Notice:  Undefined index:  in D:\OpenServer\domains\opencart.plus\www\system\library\cart\currency.php on line 26
2016-07-23 15:11:22 - PHP Notice:  Undefined variable: currency in D:\OpenServer\domains\opencart.plus\www\system\library\cart\currency.php on line 27
2016-07-23 15:11:22 - PHP Notice:  Undefined index:  in D:\OpenServer\domains\opencart.plus\www\system\library\cart\currency.php on line 27
2016-07-23 15:11:22 - PHP Notice:  Undefined variable: currency in D:\OpenServer\domains\opencart.plus\www\system\library\cart\currency.php on line 30
2016-07-23 15:11:22 - PHP Notice:  Undefined index:  in D:\OpenServer\domains\opencart.plus\www\system\library\cart\currency.php on line 30
2016-07-23 15:13:35 - PHP Notice:  Undefined variable: qq in D:\OpenServer\domains\opencart.plus\www\system\storage\modification\catalog\view\theme\default\template\product\product.tpl on line 188
2016-07-23 15:13:35 - PHP Notice:  Undefined variable: qq in D:\OpenServer\domains\opencart.plus\www\system\storage\modification\catalog\view\theme\default\template\product\product.tpl on line 190
2016-07-23 15:13:43 - PHP Warning:  Missing argument 2 for Cart\Currency::format(), called in D:\OpenServer\domains\opencart.plus\www\system\storage\modification\catalog\controller\product\product.php on line 630 and defined in D:\OpenServer\domains\opencart.plus\www\system\library\cart\currency.php on line 24
2016-07-23 15:13:43 - PHP Notice:  Undefined variable: currency in D:\OpenServer\domains\opencart.plus\www\system\library\cart\currency.php on line 25
2016-07-23 15:13:43 - PHP Notice:  Undefined index:  in D:\OpenServer\domains\opencart.plus\www\system\library\cart\currency.php on line 25
2016-07-23 15:13:43 - PHP Notice:  Undefined variable: currency in D:\OpenServer\domains\opencart.plus\www\system\library\cart\currency.php on line 26
2016-07-23 15:13:43 - PHP Notice:  Undefined index:  in D:\OpenServer\domains\opencart.plus\www\system\library\cart\currency.php on line 26
2016-07-23 15:13:43 - PHP Notice:  Undefined variable: currency in D:\OpenServer\domains\opencart.plus\www\system\library\cart\currency.php on line 27
2016-07-23 15:13:43 - PHP Notice:  Undefined index:  in D:\OpenServer\domains\opencart.plus\www\system\library\cart\currency.php on line 27
2016-07-23 15:13:43 - PHP Notice:  Undefined variable: currency in D:\OpenServer\domains\opencart.plus\www\system\library\cart\currency.php on line 30
2016-07-23 15:13:43 - PHP Notice:  Undefined index:  in D:\OpenServer\domains\opencart.plus\www\system\library\cart\currency.php on line 30
2016-07-23 15:13:54 - PHP Warning:  Missing argument 2 for Cart\Currency::format(), called in D:\OpenServer\domains\opencart.plus\www\system\storage\modification\catalog\controller\product\product.php on line 630 and defined in D:\OpenServer\domains\opencart.plus\www\system\library\cart\currency.php on line 24
2016-07-23 15:13:54 - PHP Notice:  Undefined variable: currency in D:\OpenServer\domains\opencart.plus\www\system\library\cart\currency.php on line 25
2016-07-23 15:13:54 - PHP Notice:  Undefined index:  in D:\OpenServer\domains\opencart.plus\www\system\library\cart\currency.php on line 25
2016-07-23 15:13:54 - PHP Notice:  Undefined variable: currency in D:\OpenServer\domains\opencart.plus\www\system\library\cart\currency.php on line 26
2016-07-23 15:13:54 - PHP Notice:  Undefined index:  in D:\OpenServer\domains\opencart.plus\www\system\library\cart\currency.php on line 26
2016-07-23 15:13:54 - PHP Notice:  Undefined variable: currency in D:\OpenServer\domains\opencart.plus\www\system\library\cart\currency.php on line 27
2016-07-23 15:13:54 - PHP Notice:  Undefined index:  in D:\OpenServer\domains\opencart.plus\www\system\library\cart\currency.php on line 27
2016-07-23 15:13:54 - PHP Notice:  Undefined variable: currency in D:\OpenServer\domains\opencart.plus\www\system\library\cart\currency.php on line 30
2016-07-23 15:13:54 - PHP Notice:  Undefined index:  in D:\OpenServer\domains\opencart.plus\www\system\library\cart\currency.php on line 30
2016-07-23 15:16:22 - PHP Notice:  Undefined variable: qq in D:\OpenServer\domains\opencart.plus\www\system\storage\modification\catalog\view\theme\default\template\product\product.tpl on line 188
2016-07-23 15:16:22 - PHP Notice:  Undefined variable: qq in D:\OpenServer\domains\opencart.plus\www\system\storage\modification\catalog\view\theme\default\template\product\product.tpl on line 190
2016-07-23 15:16:35 - PHP Notice:  Undefined index:  in D:\OpenServer\domains\opencart.plus\www\system\library\cart\currency.php on line 25
2016-07-23 15:16:35 - PHP Notice:  Undefined index:  in D:\OpenServer\domains\opencart.plus\www\system\library\cart\currency.php on line 26
2016-07-23 15:16:35 - PHP Notice:  Undefined index:  in D:\OpenServer\domains\opencart.plus\www\system\library\cart\currency.php on line 27
2016-07-23 15:16:35 - PHP Notice:  Undefined index:  in D:\OpenServer\domains\opencart.plus\www\system\library\cart\currency.php on line 30
2016-07-23 15:24:46 - PHP Warning:  Missing argument 2 for Cart\Currency::format(), called in D:\OpenServer\domains\opencart.plus\www\system\storage\modification\catalog\controller\product\product.php on line 630 and defined in D:\OpenServer\domains\opencart.plus\www\system\library\cart\currency.php on line 24
2016-07-23 15:24:46 - PHP Notice:  Undefined variable: currency in D:\OpenServer\domains\opencart.plus\www\system\library\cart\currency.php on line 25
2016-07-23 15:24:46 - PHP Notice:  Undefined index:  in D:\OpenServer\domains\opencart.plus\www\system\library\cart\currency.php on line 25
2016-07-23 15:24:46 - PHP Notice:  Undefined variable: currency in D:\OpenServer\domains\opencart.plus\www\system\library\cart\currency.php on line 26
2016-07-23 15:24:46 - PHP Notice:  Undefined index:  in D:\OpenServer\domains\opencart.plus\www\system\library\cart\currency.php on line 26
2016-07-23 15:24:46 - PHP Notice:  Undefined variable: currency in D:\OpenServer\domains\opencart.plus\www\system\library\cart\currency.php on line 27
2016-07-23 15:24:46 - PHP Notice:  Undefined index:  in D:\OpenServer\domains\opencart.plus\www\system\library\cart\currency.php on line 27
2016-07-23 15:24:46 - PHP Notice:  Undefined variable: currency in D:\OpenServer\domains\opencart.plus\www\system\library\cart\currency.php on line 30
2016-07-23 15:24:46 - PHP Notice:  Undefined index:  in D:\OpenServer\domains\opencart.plus\www\system\library\cart\currency.php on line 30
2016-07-23 15:26:24 - PHP Notice:  Undefined variable: success in D:\OpenServer\domains\opencart.plus\www\system\storage\modification\admin\view\template\catalog\product_form.tpl on line 23
2016-07-23 15:27:05 - PHP Notice:  Undefined variable: qq in D:\OpenServer\domains\opencart.plus\www\system\storage\modification\catalog\view\theme\default\template\product\product.tpl on line 188
2016-07-23 15:27:05 - PHP Notice:  Undefined variable: qq in D:\OpenServer\domains\opencart.plus\www\system\storage\modification\catalog\view\theme\default\template\product\product.tpl on line 190
2016-07-23 15:33:55 - PHP Notice:  Undefined variable: success in D:\OpenServer\domains\opencart.plus\www\system\storage\modification\admin\view\template\catalog\product_form.tpl on line 23
2016-07-23 15:38:29 - PHP Notice:  Undefined index: o_copa in D:\OpenServer\domains\opencart.plus\www\system\storage\modification\admin\model\catalog\product.php on line 226
2016-07-23 15:38:29 - PHP Warning:  Cannot modify header information - headers already sent by (output started at D:\OpenServer\domains\opencart.plus\www\admin\controller\startup\error.php:34) in D:\OpenServer\domains\opencart.plus\www\system\library\response.php on line 12
2016-07-23 15:38:35 - PHP Notice:  Undefined variable: success in D:\OpenServer\domains\opencart.plus\www\system\storage\modification\admin\view\template\catalog\product_form.tpl on line 23
2016-07-23 15:39:51 - PHP Notice:  Undefined variable: success in D:\OpenServer\domains\opencart.plus\www\system\storage\modification\admin\view\template\catalog\product_form.tpl on line 23
2016-07-23 15:42:43 - PHP Notice:  Undefined variable: success in D:\OpenServer\domains\opencart.plus\www\system\storage\modification\admin\view\template\catalog\product_form.tpl on line 23
2016-07-23 15:51:58 - PHP Notice:  Undefined variable: success in D:\OpenServer\domains\opencart.plus\www\system\storage\modification\admin\view\template\catalog\product_form.tpl on line 23
2016-07-23 15:52:04 - PHP Notice:  Undefined variable: success in D:\OpenServer\domains\opencart.plus\www\system\storage\modification\admin\view\template\catalog\product_form.tpl on line 23
2016-07-23 15:52:18 - PHP Notice:  Undefined variable: success in D:\OpenServer\domains\opencart.plus\www\system\storage\modification\admin\view\template\catalog\product_form.tpl on line 23
2016-07-23 15:53:12 - PHP Notice:  Undefined variable: success in D:\OpenServer\domains\opencart.plus\www\system\storage\modification\admin\view\template\catalog\product_form.tpl on line 23
2016-07-23 15:53:32 - PHP Notice:  Undefined variable: success in D:\OpenServer\domains\opencart.plus\www\system\storage\modification\admin\view\template\catalog\product_form.tpl on line 23
2016-07-23 15:53:44 - PHP Notice:  Undefined variable: success in D:\OpenServer\domains\opencart.plus\www\system\storage\modification\admin\view\template\catalog\product_form.tpl on line 23
2016-07-23 15:55:46 - PHP Notice:  Undefined variable: success in D:\OpenServer\domains\opencart.plus\www\system\storage\modification\admin\view\template\catalog\product_form.tpl on line 23
2016-07-23 15:56:40 - PHP Notice:  Undefined variable: success in D:\OpenServer\domains\opencart.plus\www\system\storage\modification\admin\view\template\catalog\product_form.tpl on line 23
2016-07-23 15:56:56 - PHP Notice:  Undefined variable: success in D:\OpenServer\domains\opencart.plus\www\system\storage\modification\admin\view\template\catalog\product_form.tpl on line 23
2016-07-23 15:57:30 - PHP Notice:  Undefined variable: success in D:\OpenServer\domains\opencart.plus\www\system\storage\modification\admin\view\template\catalog\product_form.tpl on line 23
2016-07-23 15:57:35 - PHP Notice:  Undefined variable: success in D:\OpenServer\domains\opencart.plus\www\system\storage\modification\admin\view\template\catalog\product_form.tpl on line 23
2016-07-23 15:57:59 - PHP Notice:  Undefined variable: success in D:\OpenServer\domains\opencart.plus\www\system\storage\modification\admin\view\template\catalog\product_form.tpl on line 23
2016-07-23 15:59:01 - PHP Notice:  Undefined variable: success in D:\OpenServer\domains\opencart.plus\www\system\storage\modification\admin\view\template\catalog\product_form.tpl on line 23
2016-07-23 15:59:52 - PHP Notice:  Undefined variable: success in D:\OpenServer\domains\opencart.plus\www\system\storage\modification\admin\view\template\catalog\product_form.tpl on line 23
2016-07-23 16:00:28 - PHP Notice:  Undefined variable: success in D:\OpenServer\domains\opencart.plus\www\system\storage\modification\admin\view\template\catalog\product_form.tpl on line 23
2016-07-23 16:01:36 - PHP Notice:  Undefined variable: success in D:\OpenServer\domains\opencart.plus\www\system\storage\modification\admin\view\template\catalog\product_form.tpl on line 23
2016-07-23 16:01:41 - PHP Notice:  Undefined variable: success in D:\OpenServer\domains\opencart.plus\www\system\storage\modification\admin\view\template\catalog\product_form.tpl on line 23
2016-07-23 16:28:25 - PHP Notice:  Undefined variable: success in D:\OpenServer\domains\opencart.plus\www\system\storage\modification\admin\view\template\catalog\product_form.tpl on line 23
2016-07-23 16:30:11 - PHP Notice:  Undefined variable: success in D:\OpenServer\domains\opencart.plus\www\system\storage\modification\admin\view\template\catalog\product_form.tpl on line 23
2016-07-23 16:30:58 - PHP Notice:  Undefined variable: success in D:\OpenServer\domains\opencart.plus\www\system\storage\modification\admin\view\template\catalog\product_form.tpl on line 23
2016-07-23 16:31:38 - PHP Notice:  Undefined variable: success in D:\OpenServer\domains\opencart.plus\www\system\storage\modification\admin\view\template\catalog\product_form.tpl on line 23
2016-07-23 16:35:17 - PHP Notice:  Undefined variable: success in D:\OpenServer\domains\opencart.plus\www\system\storage\modification\admin\view\template\catalog\product_form.tpl on line 23
2016-07-23 16:50:28 - PHP Notice:  Undefined variable: success in D:\OpenServer\domains\opencart.plus\www\system\storage\modification\admin\view\template\catalog\product_form.tpl on line 23
2016-07-23 16:52:06 - PHP Notice:  Undefined variable: success in D:\OpenServer\domains\opencart.plus\www\system\storage\modification\admin\view\template\catalog\product_form.tpl on line 23
2016-07-23 17:10:47 - PHP Notice:  Undefined variable: success in D:\OpenServer\domains\opencart.plus\www\system\storage\modification\admin\view\template\catalog\product_form.tpl on line 23
